Sender: LSF System <lsfadmin@lt05>
Subject: Job 9250260: <MouseASA_test> in cluster <lila> Done

Job <MouseASA_test> was submitted from host <lilac-ln02> by user <sinhaa2> in cluster <lila> at Mon Sep 12 13:28:43 2022
Job was executed on host(s) <lt05>, in queue <cpuqueue>, as user <sinhaa2> in cluster <lila> at Mon Sep 12 13:28:44 2022
</home/sinhaa2> was used as the home directory.
</data/leslie/sinhaa2/mouseASA/scripts> was used as the working directory.
Started at Mon Sep 12 13:28:44 2022
Terminated at Mon Sep 12 13:28:44 2022
Results reported at Mon Sep 12 13:28:44 2022

Your job looked like:

------------------------------------------------------------
# LSBATCH: User input
#!/bin/bash
#BSUB -J MouseASA_test
#BSUB -n 1
#BSUB -R rusage[mem=1]
#BSUB -W 1:00
#BSUB -o logs/log.out
#BSUB -eo logs/log.out

rm -rf logs/log.out

celltype='cd8'
poolsize=2
dropout='0.2'
n_ensemble=3

# Run Model 3.0
# for weight in {0.2,0.5,0.8,1.0,1.5,2.0,4.0}
# do
for use_prior in 1 # {0,1}
do
    for dataset in 'ca' # {'b6','both'}
    do
        for BATCH_SIZE in 32
        do
            rm -rf logs/log_${celltype}.${dataset}.BATCHSIZE${BATCH_SIZE}.out
            bsub -J ${celltype}.${dataset}.${use_prior}.${BATCH_SIZE} -n 10 -R "A100" -W 5:00 -sla llSC2 -q gpuqueue -gpu "num=1" -o logs/log_${celltype}.${dataset}.BATCHSIZE${BATCH_SIZE}.out -eo logs/log_${celltype}.${dataset}.BATCHSIZE${BATCH_SIZE}.out "/data/leslie/sinhaa2/mouseASA/scripts/run_m3.sh $dataset $BATCH_SIZE $celltype $poolsize $dropout $n_ensemble $use_prior"
        done
        echo "${celltype}.${dataset}.${use_prior}.${BATCH_SIZE}"
    done
done
# done

------------------------------------------------------------

Successfully completed.

Resource usage summary:

    CPU time :                                   0.12 sec.
    Max Memory :                                 -
    Average Memory :                             -
    Total Requested Memory :                     1.00 GB
    Delta Memory :                               -
    Max Swap :                                   -
    Max Processes :                              -
    Max Threads :                                -
    Run time :                                   1 sec.
    Turnaround time :                            1 sec.

The output (if any) follows:

Job <9250261> is submitted to queue <gpuqueue>.
cd8.ca.1.32
