Sender: LSF System <lsfadmin@lj14>
Subject: Job 13862162: <cd8.both.1.32> in cluster <lila> Done

Job <cd8.both.1.32> was submitted from host <lt14> by user <sinhaa2> in cluster <lila> at Tue Jan  3 10:26:18 2023
Job was executed on host(s) <10*lj14>, in queue <gpuqueue>, as user <sinhaa2> in cluster <lila> at Tue Jan  3 10:26:19 2023
</home/sinhaa2> was used as the home directory.
</data/leslie/sinhaa2/mouseASA/scripts> was used as the working directory.
Started at Tue Jan  3 10:26:19 2023
Terminated at Tue Jan  3 13:08:36 2023
Results reported at Tue Jan  3 13:08:36 2023

Your job looked like:

------------------------------------------------------------
# LSBATCH: User input
/data/leslie/sinhaa2/mouseASA/scripts/run_m3.sh both 32 cd8 2 0.2 1 1.0
------------------------------------------------------------

Successfully completed.

Resource usage summary:

    CPU time :                                   10598.00 sec.
    Max Memory :                                 5 GB
    Average Memory :                             4.98 GB
    Total Requested Memory :                     20.00 GB
    Delta Memory :                               15.00 GB
    Max Swap :                                   -
    Max Processes :                              5
    Max Threads :                                156
    Run time :                                   9738 sec.
    Turnaround time :                            9738 sec.

The output (if any) follows:

cuda
fourier_prior
++++ Val loss improved from 10000000000.0, saving+++++
10:30:36 --- Epoch: 0	Train loss: 4.8055 (4.3243+0.4812)	Valid loss: 3.7857	
++++ Val loss improved from 3.785720672473868, saving+++++
10:34:25 --- Epoch: 1	Train loss: 3.7353 (3.2915+0.4438)	Valid loss: 2.8249	
++++ Val loss improved from 2.8249265462531095, saving+++++
10:38:13 --- Epoch: 2	Train loss: 3.3732 (2.9327+0.4405)	Valid loss: 2.8061	
++++ Val loss improved from 2.80614293808759, saving+++++
10:42:00 --- Epoch: 3	Train loss: 3.1999 (2.7570+0.4429)	Valid loss: 2.7449	
++++ Val loss improved from 2.7449266581614484, saving+++++
10:45:49 --- Epoch: 4	Train loss: 3.0760 (2.6327+0.4433)	Valid loss: 2.5204	
++++ Val loss improved from 2.5203777017022895, saving+++++
10:49:37 --- Epoch: 5	Train loss: 2.9968 (2.5547+0.4422)	Valid loss: 2.4560	
10:53:26 --- Epoch: 6	Train loss: 2.9321 (2.4905+0.4416)	Valid loss: 2.5473	
10:57:15 --- Epoch: 7	Train loss: 2.8662 (2.4246+0.4416)	Valid loss: 2.5609	
++++ Val loss improved from 2.45603858394082, saving+++++
11:01:03 --- Epoch: 8	Train loss: 2.8351 (2.3941+0.4410)	Valid loss: 2.4208	
++++ Val loss improved from 2.4207510517016155, saving+++++
11:04:55 --- Epoch: 9	Train loss: 2.7841 (2.3427+0.4413)	Valid loss: 2.3568	
++++ Val loss improved from 2.3567733587813082, saving+++++
11:08:48 --- Epoch: 10	Train loss: 2.7748 (2.3336+0.4413)	Valid loss: 2.3387	
11:12:41 --- Epoch: 11	Train loss: 2.7286 (2.2892+0.4394)	Valid loss: 2.3958	
11:16:28 --- Epoch: 12	Train loss: 2.7095 (2.2707+0.4388)	Valid loss: 2.4073	
11:20:15 --- Epoch: 13	Train loss: 2.7003 (2.2623+0.4380)	Valid loss: 2.3587	
++++ Val loss improved from 2.3387112707353066, saving+++++
11:24:02 --- Epoch: 14	Train loss: 2.6509 (2.2141+0.4368)	Valid loss: 2.3264	
++++ Val loss improved from 2.3263659908604986, saving+++++
11:27:48 --- Epoch: 15	Train loss: 2.6319 (2.1941+0.4378)	Valid loss: 2.2672	
11:31:34 --- Epoch: 16	Train loss: 2.6174 (2.1799+0.4375)	Valid loss: 2.3722	
11:35:22 --- Epoch: 17	Train loss: 2.6121 (2.1748+0.4373)	Valid loss: 2.2963	
11:39:11 --- Epoch: 18	Train loss: 2.5827 (2.1457+0.4371)	Valid loss: 2.3989	
++++ Val loss improved from 2.267194972410901, saving+++++
11:42:59 --- Epoch: 19	Train loss: 2.5731 (2.1360+0.4371)	Valid loss: 2.2603	
11:46:47 --- Epoch: 20	Train loss: 2.5631 (2.1260+0.4371)	Valid loss: 2.4915	
11:50:37 --- Epoch: 21	Train loss: 2.5607 (2.1233+0.4373)	Valid loss: 2.2610	
11:54:26 --- Epoch: 22	Train loss: 2.5428 (2.1065+0.4363)	Valid loss: 2.2825	
11:58:16 --- Epoch: 23	Train loss: 2.5361 (2.0985+0.4376)	Valid loss: 2.2675	
++++ Val loss improved from 2.2602679850443437, saving+++++
12:02:10 --- Epoch: 24	Train loss: 2.5186 (2.0816+0.4370)	Valid loss: 2.2475	
12:06:11 --- Epoch: 25	Train loss: 2.5131 (2.0753+0.4377)	Valid loss: 2.2998	
12:10:07 --- Epoch: 26	Train loss: 2.5067 (2.0692+0.4375)	Valid loss: 2.6699	
12:13:55 --- Epoch: 27	Train loss: 2.5080 (2.0702+0.4378)	Valid loss: 2.3155	
12:17:50 --- Epoch: 28	Train loss: 2.4987 (2.0606+0.4382)	Valid loss: 2.5944	
12:21:42 --- Epoch: 29	Train loss: 2.4917 (2.0543+0.4374)	Valid loss: 2.2504	
12:25:33 --- Epoch: 30	Train loss: 2.4798 (2.0431+0.4367)	Valid loss: 2.4861	
++++ Val loss improved from 2.2474853436399465, saving+++++
12:29:24 --- Epoch: 31	Train loss: 2.4858 (2.0499+0.4359)	Valid loss: 2.1967	
12:33:16 --- Epoch: 32	Train loss: 2.4689 (2.0325+0.4365)	Valid loss: 2.2611	
12:37:08 --- Epoch: 33	Train loss: 2.4695 (2.0315+0.4380)	Valid loss: 2.2477	
12:41:02 --- Epoch: 34	Train loss: 2.4599 (2.0229+0.4370)	Valid loss: 2.3267	
12:44:56 --- Epoch: 35	Train loss: 2.4602 (2.0226+0.4376)	Valid loss: 2.2793	
12:48:45 --- Epoch: 36	Train loss: 2.4512 (2.0144+0.4369)	Valid loss: 2.3323	
12:52:39 --- Epoch: 37	Train loss: 2.4492 (2.0113+0.4379)	Valid loss: 2.3070	
12:56:36 --- Epoch: 38	Train loss: 2.4397 (2.0020+0.4377)	Valid loss: 2.4429	
13:00:27 --- Epoch: 39	Train loss: 2.4469 (2.0099+0.4370)	Valid loss: 2.3088	
13:04:30 --- Epoch: 40	Train loss: 2.4413 (2.0046+0.4367)	Valid loss: 2.4217	
13:08:32 --- Epoch: 41	Train loss: 2.4395 (2.0023+0.4372)	Valid loss: 2.2874	
Val loss did not improve for 10 epochs, early stopping...
(7274,)

